Using pre-set license
Built from '2021.3/staging' branch; Version is '2021.3.20f1 (577897200b8b) revision 5732503'; Using compiler version '192829333'; Build Type 'Release'
OS: 'Windows 10  (10.0.18362) 64bit Professional' Language: 'ko' Physical Memory: 16194 MB
BatchMode: 1, IsHumanControllingUs: 0, StartBugReporterOnCrash: 0, Is64bit: 1, IsPro: 1

COMMAND LINE ARGUMENTS:
C:\Program Files\Unity\Hub\Editor\2021.3.20f1\Editor\Unity.exe
-adb2
-batchMode
-noUpm
-name
AssetImportWorker8
-projectPath
C:/Users/SGA/Desktop/Porfol/Porfol
-logFile
Logs/AssetImportWorker8.log
-srvPort
49983
Successfully changed project path to: C:/Users/SGA/Desktop/Porfol/Porfol
C:/Users/SGA/Desktop/Porfol/Porfol
[UnityMemory] Configuration Parameters - Can be set up in boot.config
    "memorysetup-bucket-allocator-granularity=16"
    "memorysetup-bucket-allocator-bucket-count=8"
    "memorysetup-bucket-allocator-block-size=33554432"
    "memorysetup-bucket-allocator-block-count=8"
    "memorysetup-main-allocator-block-size=16777216"
    "memorysetup-thread-allocator-block-size=16777216"
    "memorysetup-gfx-main-allocator-block-size=16777216"
    "memorysetup-gfx-thread-allocator-block-size=16777216"
    "memorysetup-cache-allocator-block-size=4194304"
    "memorysetup-typetree-allocator-block-size=2097152"
    "memorysetup-profiler-bucket-allocator-granularity=16"
    "memorysetup-profiler-bucket-allocator-bucket-count=8"
    "memorysetup-profiler-bucket-allocator-block-size=33554432"
    "memorysetup-profiler-bucket-allocator-block-count=8"
    "memorysetup-profiler-allocator-block-size=16777216"
    "memorysetup-profiler-editor-allocator-block-size=1048576"
    "memorysetup-temp-allocator-size-main=16777216"
    "memorysetup-job-temp-allocator-block-size=2097152"
    "memorysetup-job-temp-allocator-block-size-background=1048576"
    "memorysetup-job-temp-allocator-reduction-small-platforms=262144"
    "memorysetup-temp-allocator-size-background-worker=32768"
    "memorysetup-temp-allocator-size-job-worker=262144"
    "memorysetup-temp-allocator-size-preload-manager=33554432"
    "memorysetup-temp-allocator-size-nav-mesh-worker=65536"
    "memorysetup-temp-allocator-size-audio-worker=65536"
    "memorysetup-temp-allocator-size-cloud-worker=32768"
    "memorysetup-temp-allocator-size-gi-baking-worker=262144"
    "memorysetup-temp-allocator-size-gfx=262144"
Player connection [16524] Host "[IP] 192.168.0.202 [Port] 0 [Flags] 2 [Guid] 3820012704 [EditorId] 3820012704 [Version] 1048832 [Id] WindowsEditor(7,DESKTOP-HQKDT44) [Debug] 1 [PackageName] WindowsEditor [ProjectName] Editor" joined multi-casting on [225.0.0.222:54997]...

Player connection [16524] Host "[IP] 192.168.0.202 [Port] 0 [Flags] 2 [Guid] 3820012704 [EditorId] 3820012704 [Version] 1048832 [Id] WindowsEditor(7,DESKTOP-HQKDT44) [Debug] 1 [PackageName] WindowsEditor [ProjectName] Editor" joined alternative multi-casting on [225.0.0.222:34997]...

Refreshing native plugins compatible for Editor in 50.48 ms, found 3 plugins.
Preloading 0 native plugins for Editor in 0.00 ms.
Initialize engine version: 2021.3.20f1 (577897200b8b)
[Subsystems] Discovering subsystems at path C:/Program Files/Unity/Hub/Editor/2021.3.20f1/Editor/Data/Resources/UnitySubsystems
[Subsystems] Discovering subsystems at path C:/Users/SGA/Desktop/Porfol/Porfol/Assets
GfxDevice: creating device client; threaded=0; jobified=0
Direct3D:
    Version:  Direct3D 11.0 [level 11.1]
    Renderer: NVIDIA GeForce GTX 1650 (ID=0x1f82)
    Vendor:   NVIDIA
    VRAM:     3949 MB
    Driver:   31.0.15.3179
Initialize mono
Mono path[0] = 'C:/Program Files/Unity/Hub/Editor/2021.3.20f1/Editor/Data/Managed'
Mono path[1] = 'C:/Program Files/Unity/Hub/Editor/2021.3.20f1/Editor/Data/MonoBleedingEdge/lib/mono/unityjit-win32'
Mono config path = 'C:/Program Files/Unity/Hub/Editor/2021.3.20f1/Editor/Data/MonoBleedingEdge/etc'
Using monoOptions --debugger-agent=transport=dt_socket,embedding=1,server=y,suspend=n,address=127.0.0.1:56468
Begin MonoManager ReloadAssembly
Registering precompiled unity dll's ...
Register platform support module: C:/Program Files/Unity/Hub/Editor/2021.3.20f1/Editor/Data/PlaybackEngines/AndroidPlayer/UnityEditor.Android.Extensions.dll
Register platform support module: C:/Program Files/Unity/Hub/Editor/2021.3.20f1/Editor/Data/PlaybackEngines/WindowsStandaloneSupport/UnityEditor.WindowsStandalone.Extensions.dll
Registered in 0.003252 seconds.
Native extension for WindowsStandalone target not found
Native extension for Android target not found
Android Extension - Scanning For ADB Devices 133 ms
Refreshing native plugins compatible for Editor in 55.81 ms, found 3 plugins.
Preloading 0 native plugins for Editor in 0.00 ms.
Mono: successfully reloaded assembly
- Completed reload, in  0.579 seconds
Domain Reload Profiling:
	ReloadAssembly (579ms)
		BeginReloadAssembly (56ms)
			ExecutionOrderSort (0ms)
			DisableScriptedObjects (0ms)
			BackupInstance (0ms)
			ReleaseScriptingObjects (0ms)
			CreateAndSetChildDomain (1ms)
		EndReloadAssembly (459ms)
			LoadAssemblies (55ms)
			RebuildTransferFunctionScriptingTraits (0ms)
			SetupTypeCache (73ms)
			ReleaseScriptCaches (0ms)
			RebuildScriptCaches (18ms)
			SetupLoadedEditorAssemblies (334ms)
				LogAssemblyErrors (0ms)
				InitializePlatformSupportModulesInManaged (179ms)
				SetLoadedEditorAssemblies (0ms)
				RefreshPlugins (56ms)
				BeforeProcessingInitializeOnLoad (1ms)
				ProcessInitializeOnLoadAttributes (58ms)
				ProcessInitializeOnLoadMethodAttributes (40ms)
				AfterProcessingInitializeOnLoad (0ms)
				EditorAssembliesLoaded (0ms)
			ExecutionOrderSort2 (0ms)
			AwakeInstancesAfterBackupRestoration (0ms)
Platform modules already initialized, skipping
Registering precompiled user dll's ...
Registered in 0.003275 seconds.
Begin MonoManager ReloadAssembly
Symbol file LoadedFromMemory doesn't match image C:\Users\SGA\Desktop\Porfol\Porfol\Library\PackageCache\com.unity.visualscripting@1.8.0\Editor\VisualScripting.Core\Dependencies\YamlDotNet\Unity.VisualScripting.YamlDotNet.dll
Symbol file LoadedFromMemory doesn't match image C:\Users\SGA\Desktop\Porfol\Porfol\Library\PackageCache\com.unity.visualscripting@1.8.0\Editor\VisualScripting.Core\Dependencies\DotNetZip\Unity.VisualScripting.IonicZip.dll
Native extension for WindowsStandalone target not found
Native extension for Android target not found
Refreshing native plugins compatible for Editor in 0.38 ms, found 3 plugins.
Preloading 0 native plugins for Editor in 0.00 ms.
Mono: successfully reloaded assembly
- Completed reload, in  0.670 seconds
Domain Reload Profiling:
	ReloadAssembly (671ms)
		BeginReloadAssembly (77ms)
			ExecutionOrderSort (0ms)
			DisableScriptedObjects (4ms)
			BackupInstance (0ms)
			ReleaseScriptingObjects (0ms)
			CreateAndSetChildDomain (14ms)
		EndReloadAssembly (523ms)
			LoadAssemblies (78ms)
			RebuildTransferFunctionScriptingTraits (0ms)
			SetupTypeCache (169ms)
			ReleaseScriptCaches (0ms)
			RebuildScriptCaches (31ms)
			SetupLoadedEditorAssemblies (221ms)
				LogAssemblyErrors (0ms)
				InitializePlatformSupportModulesInManaged (12ms)
				SetLoadedEditorAssemblies (0ms)
				RefreshPlugins (0ms)
				BeforeProcessingInitializeOnLoad (53ms)
				ProcessInitializeOnLoadAttributes (139ms)
				ProcessInitializeOnLoadMethodAttributes (13ms)
				AfterProcessingInitializeOnLoad (4ms)
				EditorAssembliesLoaded (0ms)
			ExecutionOrderSort2 (0ms)
			AwakeInstancesAfterBackupRestoration (4ms)
Platform modules already initialized, skipping
========================================================================
Worker process is ready to serve import requests
Launched and connected shader compiler UnityShaderCompiler.exe after 0.02 seconds
Refreshing native plugins compatible for Editor in 0.38 ms, found 3 plugins.
Preloading 0 native plugins for Editor in 0.00 ms.
Unloading 3056 Unused Serialized files (Serialized files now loaded: 0)
Unloading 24 unused Assets / (113.4 KB). Loaded Objects now: 3519.
Memory consumption went from 112.3 MB to 112.2 MB.
Total: 2.006200 ms (FindLiveObjects: 0.159800 ms CreateObjectMapping: 0.064600 ms MarkObjects: 1.696100 ms  DeleteObjects: 0.084600 ms)

AssetImportParameters requested are different than current active one (requested -> active):
  custom:video-decoder-ogg-theora: a1e56fd34408186e4bbccfd4996cb3dc -> 
  custom:container-muxer-webm: aa71ff27fc2769a1b78a27578f13a17b -> 
  custom:container-demuxer-webm: 4f35f7cbe854078d1ac9338744f61a02 -> 
  custom:video-encoder-webm-vp8: eb34c28f22e8b96e1ab97ce403110664 -> 
  custom:audio-encoder-webm-vorbis: bf7c407c2cedff20999df2af8eb42d56 -> 
  custom:framework-win-MediaFoundation: 216162199b28c13a410421893ffa2e32 -> 
  custom:container-demuxer-ogg: 62fdf1f143b41e24485cea50d1cbac27 -> 
  custom:video-decoder-webm-vp8: 9c59270c3fd7afecdb556c50c9e8de78 -> 
  custom:audio-decoder-ogg-vorbis: bf7c407c2cedff20999df2af8eb42d56 -> 
========================================================================
Received Prepare
Registering precompiled user dll's ...
Registered in 0.002655 seconds.
Begin MonoManager ReloadAssembly
Symbol file LoadedFromMemory doesn't match image C:\Users\SGA\Desktop\Porfol\Porfol\Library\PackageCache\com.unity.visualscripting@1.8.0\Editor\VisualScripting.Core\Dependencies\YamlDotNet\Unity.VisualScripting.YamlDotNet.dll
Symbol file LoadedFromMemory doesn't match image C:\Users\SGA\Desktop\Porfol\Porfol\Library\PackageCache\com.unity.visualscripting@1.8.0\Editor\VisualScripting.Core\Dependencies\DotNetZip\Unity.VisualScripting.IonicZip.dll
Native extension for WindowsStandalone target not found
Native extension for Android target not found
Refreshing native plugins compatible for Editor in 0.46 ms, found 3 plugins.
Preloading 0 native plugins for Editor in 0.00 ms.
Mono: successfully reloaded assembly
- Completed reload, in  0.695 seconds
Domain Reload Profiling:
	ReloadAssembly (696ms)
		BeginReloadAssembly (105ms)
			ExecutionOrderSort (0ms)
			DisableScriptedObjects (4ms)
			BackupInstance (0ms)
			ReleaseScriptingObjects (0ms)
			CreateAndSetChildDomain (25ms)
		EndReloadAssembly (527ms)
			LoadAssemblies (67ms)
			RebuildTransferFunctionScriptingTraits (0ms)
			SetupTypeCache (193ms)
			ReleaseScriptCaches (1ms)
			RebuildScriptCaches (32ms)
			SetupLoadedEditorAssemblies (205ms)
				LogAssemblyErrors (0ms)
				InitializePlatformSupportModulesInManaged (15ms)
				SetLoadedEditorAssemblies (0ms)
				RefreshPlugins (1ms)
				BeforeProcessingInitializeOnLoad (43ms)
				ProcessInitializeOnLoadAttributes (129ms)
				ProcessInitializeOnLoadMethodAttributes (13ms)
				AfterProcessingInitializeOnLoad (4ms)
				EditorAssembliesLoaded (0ms)
			ExecutionOrderSort2 (0ms)
			AwakeInstancesAfterBackupRestoration (4ms)
Platform modules already initialized, skipping
Refreshing native plugins compatible for Editor in 1.46 ms, found 3 plugins.
Preloading 0 native plugins for Editor in 0.00 ms.
Unloading 3051 Unused Serialized files (Serialized files now loaded: 0)
Unloading 17 unused Assets / (79.9 KB). Loaded Objects now: 3522.
Memory consumption went from 112.2 MB to 112.1 MB.
Total: 2.060400 ms (FindLiveObjects: 0.162300 ms CreateObjectMapping: 0.075900 ms MarkObjects: 1.753700 ms  DeleteObjects: 0.067500 ms)

AssetImportParameters requested are different than current active one (requested -> active):
  custom:video-decoder-ogg-theora: a1e56fd34408186e4bbccfd4996cb3dc -> 
  custom:container-muxer-webm: aa71ff27fc2769a1b78a27578f13a17b -> 
  custom:container-demuxer-webm: 4f35f7cbe854078d1ac9338744f61a02 -> 
  custom:video-encoder-webm-vp8: eb34c28f22e8b96e1ab97ce403110664 -> 
  custom:audio-encoder-webm-vorbis: bf7c407c2cedff20999df2af8eb42d56 -> 
  custom:framework-win-MediaFoundation: 216162199b28c13a410421893ffa2e32 -> 
  custom:container-demuxer-ogg: 62fdf1f143b41e24485cea50d1cbac27 -> 
  custom:video-decoder-webm-vp8: 9c59270c3fd7afecdb556c50c9e8de78 -> 
  custom:audio-decoder-ogg-vorbis: bf7c407c2cedff20999df2af8eb42d56 -> 
========================================================================
Received Prepare
Registering precompiled user dll's ...
Registered in 0.002494 seconds.
Begin MonoManager ReloadAssembly
Symbol file LoadedFromMemory doesn't match image C:\Users\SGA\Desktop\Porfol\Porfol\Library\PackageCache\com.unity.visualscripting@1.8.0\Editor\VisualScripting.Core\Dependencies\YamlDotNet\Unity.VisualScripting.YamlDotNet.dll
Symbol file LoadedFromMemory doesn't match image C:\Users\SGA\Desktop\Porfol\Porfol\Library\PackageCache\com.unity.visualscripting@1.8.0\Editor\VisualScripting.Core\Dependencies\DotNetZip\Unity.VisualScripting.IonicZip.dll
Native extension for WindowsStandalone target not found
Native extension for Android target not found
Refreshing native plugins compatible for Editor in 0.42 ms, found 3 plugins.
Preloading 0 native plugins for Editor in 0.00 ms.
Mono: successfully reloaded assembly
- Completed reload, in  0.718 seconds
Domain Reload Profiling:
	ReloadAssembly (719ms)
		BeginReloadAssembly (104ms)
			ExecutionOrderSort (0ms)
			DisableScriptedObjects (4ms)
			BackupInstance (0ms)
			ReleaseScriptingObjects (0ms)
			CreateAndSetChildDomain (24ms)
		EndReloadAssembly (552ms)
			LoadAssemblies (65ms)
			RebuildTransferFunctionScriptingTraits (0ms)
			SetupTypeCache (192ms)
			ReleaseScriptCaches (1ms)
			RebuildScriptCaches (33ms)
			SetupLoadedEditorAssemblies (232ms)
				LogAssemblyErrors (0ms)
				InitializePlatformSupportModulesInManaged (16ms)
				SetLoadedEditorAssemblies (0ms)
				RefreshPlugins (0ms)
				BeforeProcessingInitializeOnLoad (46ms)
				ProcessInitializeOnLoadAttributes (150ms)
				ProcessInitializeOnLoadMethodAttributes (15ms)
				AfterProcessingInitializeOnLoad (4ms)
				EditorAssembliesLoaded (0ms)
			ExecutionOrderSort2 (0ms)
			AwakeInstancesAfterBackupRestoration (4ms)
Platform modules already initialized, skipping
Refreshing native plugins compatible for Editor in 1.21 ms, found 3 plugins.
Preloading 0 native plugins for Editor in 0.00 ms.
Unloading 3051 Unused Serialized files (Serialized files now loaded: 0)
Unloading 17 unused Assets / (79.8 KB). Loaded Objects now: 3525.
Memory consumption went from 112.2 MB to 112.1 MB.
Total: 2.160700 ms (FindLiveObjects: 0.170900 ms CreateObjectMapping: 0.077600 ms MarkObjects: 1.831000 ms  DeleteObjects: 0.080200 ms)

AssetImportParameters requested are different than current active one (requested -> active):
  custom:video-decoder-ogg-theora: a1e56fd34408186e4bbccfd4996cb3dc -> 
  custom:container-muxer-webm: aa71ff27fc2769a1b78a27578f13a17b -> 
  custom:container-demuxer-webm: 4f35f7cbe854078d1ac9338744f61a02 -> 
  custom:video-encoder-webm-vp8: eb34c28f22e8b96e1ab97ce403110664 -> 
  custom:audio-encoder-webm-vorbis: bf7c407c2cedff20999df2af8eb42d56 -> 
  custom:framework-win-MediaFoundation: 216162199b28c13a410421893ffa2e32 -> 
  custom:container-demuxer-ogg: 62fdf1f143b41e24485cea50d1cbac27 -> 
  custom:video-decoder-webm-vp8: 9c59270c3fd7afecdb556c50c9e8de78 -> 
  custom:audio-decoder-ogg-vorbis: bf7c407c2cedff20999df2af8eb42d56 -> 
========================================================================
Received Import Request.
  Time since last request: 7323.410005 seconds.
  path: Assets/Prefabs/Bullet.prefab
  artifactKey: Guid(1b4b3d64ec6d9cc4ca1405d35a2dd848) Importer(815301076,1909f56bfc062723c751e8b465ee728b)
Start importing Assets/Prefabs/Bullet.prefab using Guid(1b4b3d64ec6d9cc4ca1405d35a2dd848) Importer(815301076,1909f56bfc062723c751e8b465ee728b)  -> (artifact id: '2b39f690059970a3e6c6a308a1adefbf') in 0.094760 seconds 
========================================================================
Received Import Request.
  Time since last request: 162.505024 seconds.
  path: Assets/Prefabs/Missile.prefab
  artifactKey: Guid(87d4b02be80682649aab968c139a02f2) Importer(815301076,1909f56bfc062723c751e8b465ee728b)
Start importing Assets/Prefabs/Missile.prefab using Guid(87d4b02be80682649aab968c139a02f2) Importer(815301076,1909f56bfc062723c751e8b465ee728b)  -> (artifact id: '34fa1cff2a56336f31bd6f5d8dd55c06') in 0.009388 seconds 
========================================================================
Received Import Request.
  Time since last request: 50.538177 seconds.
  path: Assets/Prefabs/ImpactEffect 1.prefab
  artifactKey: Guid(ac282b3d2ac080c4496508e1644a31eb) Importer(815301076,1909f56bfc062723c751e8b465ee728b)
Start importing Assets/Prefabs/ImpactEffect 1.prefab using Guid(ac282b3d2ac080c4496508e1644a31eb) Importer(815301076,1909f56bfc062723c751e8b465ee728b)  -> (artifact id: '383a19c954b94874b0d87c2d9b1abdf0') in 0.011392 seconds 
========================================================================
Received Import Request.
  Time since last request: 11.896731 seconds.
  path: Assets/Prefabs/ExplosionEffect.prefab
  artifactKey: Guid(ac282b3d2ac080c4496508e1644a31eb) Importer(815301076,1909f56bfc062723c751e8b465ee728b)
Start importing Assets/Prefabs/ExplosionEffect.prefab using Guid(ac282b3d2ac080c4496508e1644a31eb) Importer(815301076,1909f56bfc062723c751e8b465ee728b)  -> (artifact id: '846bd87d94b07b3d05cb0e644ecf3d34') in 0.011210 seconds 
========================================================================
Received Import Request.
  Time since last request: 4.806144 seconds.
  path: Assets/Prefabs/anotherToTurret.prefab
  artifactKey: Guid(ecfaa4956993ce34b88946aaa947c1e6) Importer(815301076,1909f56bfc062723c751e8b465ee728b)
Start importing Assets/Prefabs/anotherToTurret.prefab using Guid(ecfaa4956993ce34b88946aaa947c1e6) Importer(815301076,1909f56bfc062723c751e8b465ee728b)  -> (artifact id: 'a8732b964fb4d7b72678e7e4e18166de') in 0.012851 seconds 
========================================================================
Received Import Request.
  Time since last request: 278.181382 seconds.
  path: Assets/Materials/Missile Launcher Texture.mat
  artifactKey: Guid(55abf9ff70e7120449cc783ee11838eb) Importer(815301076,1909f56bfc062723c751e8b465ee728b)
Start importing Assets/Materials/Missile Launcher Texture.mat using Guid(55abf9ff70e7120449cc783ee11838eb) Importer(815301076,1909f56bfc062723c751e8b465ee728b)  -> (artifact id: '9c94a37c300fb564ed64df68b7f3255d') in 0.047112 seconds 
========================================================================
Received Import Request.
  Time since last request: 17.802730 seconds.
  path: Assets/Materials/MissileExplosionFlames.mat
  artifactKey: Guid(6221748911f8df74f93c96eed833e2af) Importer(815301076,1909f56bfc062723c751e8b465ee728b)
Start importing Assets/Materials/MissileExplosionFlames.mat using Guid(6221748911f8df74f93c96eed833e2af) Importer(815301076,1909f56bfc062723c751e8b465ee728b)  -> (artifact id: 'fe4e4338221ee05f21ff63d3e48b61a7') in 0.019079 seconds 
========================================================================
Received Import Request.
  Time since last request: 155.499473 seconds.
  path: Assets/Materials/MissileExplosionFlames.mat
  artifactKey: Guid(6221748911f8df74f93c96eed833e2af) Importer(815301076,1909f56bfc062723c751e8b465ee728b)
Start importing Assets/Materials/MissileExplosionFlames.mat using Guid(6221748911f8df74f93c96eed833e2af) Importer(815301076,1909f56bfc062723c751e8b465ee728b)  -> (artifact id: '2aed6542333b973b8ab6a3f24d49688f') in 0.009165 seconds 
========================================================================
Received Import Request.
  Time since last request: 194.122660 seconds.
  path: Assets/Prefabs/ExplosionEffect 1.prefab
  artifactKey: Guid(115fc8731fcd55049ba00c463c554e1d) Importer(815301076,1909f56bfc062723c751e8b465ee728b)
Start importing Assets/Prefabs/ExplosionEffect 1.prefab using Guid(115fc8731fcd55049ba00c463c554e1d) Importer(815301076,1909f56bfc062723c751e8b465ee728b)  -> (artifact id: '179319b5d07c57b347fc545ad0acc055') in 0.012057 seconds 
========================================================================
Received Import Request.
  Time since last request: 10.610506 seconds.
  path: Assets/Prefabs/ExplosionEffect 1.prefab
  artifactKey: Guid(115fc8731fcd55049ba00c463c554e1d) Importer(815301076,1909f56bfc062723c751e8b465ee728b)
Start importing Assets/Prefabs/ExplosionEffect 1.prefab using Guid(115fc8731fcd55049ba00c463c554e1d) Importer(815301076,1909f56bfc062723c751e8b465ee728b)  -> (artifact id: '475db0232099a482a9ffafbf76a31027') in 0.027248 seconds 
========================================================================
Received Import Request.
  Time since last request: 5.122900 seconds.
  path: Assets/Prefabs/ExplosionEffect.prefab
  artifactKey: Guid(115fc8731fcd55049ba00c463c554e1d) Importer(815301076,1909f56bfc062723c751e8b465ee728b)
Start importing Assets/Prefabs/ExplosionEffect.prefab using Guid(115fc8731fcd55049ba00c463c554e1d) Importer(815301076,1909f56bfc062723c751e8b465ee728b)  -> (artifact id: 'e291cd753dca6ca6e22a3827af716b1e') in 0.006885 seconds 
========================================================================
Received Import Request.
  Time since last request: 44.513099 seconds.
  path: Assets/Prefabs/ExplosionEffect.prefab
  artifactKey: Guid(115fc8731fcd55049ba00c463c554e1d) Importer(815301076,1909f56bfc062723c751e8b465ee728b)
Start importing Assets/Prefabs/ExplosionEffect.prefab using Guid(115fc8731fcd55049ba00c463c554e1d) Importer(815301076,1909f56bfc062723c751e8b465ee728b)  -> (artifact id: 'c57348cdcbe1dc7f6b23f040fa8a04bb') in 0.006524 seconds 
========================================================================
Received Import Request.
  Time since last request: 37.148667 seconds.
  path: Assets/Prefabs/ExplosionEffect 1.prefab
  artifactKey: Guid(91f62184346ddd44db271d2835d4d590) Importer(815301076,1909f56bfc062723c751e8b465ee728b)
Start importing Assets/Prefabs/ExplosionEffect 1.prefab using Guid(91f62184346ddd44db271d2835d4d590) Importer(815301076,1909f56bfc062723c751e8b465ee728b)  -> (artifact id: '9ea68d1062d135fceae9198f68cd01b8') in 0.005978 seconds 
========================================================================
Received Import Request.
  Time since last request: 7.587396 seconds.
  path: Assets/Prefabs/Flames.prefab
  artifactKey: Guid(91f62184346ddd44db271d2835d4d590) Importer(815301076,1909f56bfc062723c751e8b465ee728b)
Start importing Assets/Prefabs/Flames.prefab using Guid(91f62184346ddd44db271d2835d4d590) Importer(815301076,1909f56bfc062723c751e8b465ee728b)  -> (artifact id: '79dcf14dfd1dff0451f2b13586488859') in 0.011012 seconds 
========================================================================
Received Prepare
Registering precompiled user dll's ...
Registered in 0.002614 seconds.
Begin MonoManager ReloadAssembly
Symbol file LoadedFromMemory doesn't match image C:\Users\SGA\Desktop\Porfol\Porfol\Library\PackageCache\com.unity.visualscripting@1.8.0\Editor\VisualScripting.Core\Dependencies\YamlDotNet\Unity.VisualScripting.YamlDotNet.dll
Symbol file LoadedFromMemory doesn't match image C:\Users\SGA\Desktop\Porfol\Porfol\Library\PackageCache\com.unity.visualscripting@1.8.0\Editor\VisualScripting.Core\Dependencies\DotNetZip\Unity.VisualScripting.IonicZip.dll
Native extension for WindowsStandalone target not found
Native extension for Android target not found
Refreshing native plugins compatible for Editor in 0.39 ms, found 3 plugins.
Preloading 0 native plugins for Editor in 0.00 ms.
Mono: successfully reloaded assembly
- Completed reload, in  0.655 seconds
Domain Reload Profiling:
	ReloadAssembly (656ms)
		BeginReloadAssembly (100ms)
			ExecutionOrderSort (0ms)
			DisableScriptedObjects (3ms)
			BackupInstance (0ms)
			ReleaseScriptingObjects (0ms)
			CreateAndSetChildDomain (27ms)
		EndReloadAssembly (489ms)
			LoadAssemblies (59ms)
			RebuildTransferFunctionScriptingTraits (0ms)
			SetupTypeCache (176ms)
			ReleaseScriptCaches (1ms)
			RebuildScriptCaches (27ms)
			SetupLoadedEditorAssemblies (201ms)
				LogAssemblyErrors (0ms)
				InitializePlatformSupportModulesInManaged (12ms)
				SetLoadedEditorAssemblies (0ms)
				RefreshPlugins (0ms)
				BeforeProcessingInitializeOnLoad (40ms)
				ProcessInitializeOnLoadAttributes (129ms)
				ProcessInitializeOnLoadMethodAttributes (14ms)
				AfterProcessingInitializeOnLoad (5ms)
				EditorAssembliesLoaded (0ms)
			ExecutionOrderSort2 (0ms)
			AwakeInstancesAfterBackupRestoration (5ms)
Platform modules already initialized, skipping
Refreshing native plugins compatible for Editor in 0.97 ms, found 3 plugins.
Preloading 0 native plugins for Editor in 0.00 ms.
Unloading 3051 Unused Serialized files (Serialized files now loaded: 0)
Unloading 17 unused Assets / (79.9 KB). Loaded Objects now: 3571.
Memory consumption went from 116.9 MB to 116.8 MB.
Total: 1.918700 ms (FindLiveObjects: 0.160300 ms CreateObjectMapping: 0.066000 ms MarkObjects: 1.634400 ms  DeleteObjects: 0.057300 ms)

AssetImportParameters requested are different than current active one (requested -> active):
  custom:video-decoder-ogg-theora: a1e56fd34408186e4bbccfd4996cb3dc -> 
  custom:container-muxer-webm: aa71ff27fc2769a1b78a27578f13a17b -> 
  custom:container-demuxer-webm: 4f35f7cbe854078d1ac9338744f61a02 -> 
  custom:video-encoder-webm-vp8: eb34c28f22e8b96e1ab97ce403110664 -> 
  custom:audio-encoder-webm-vorbis: bf7c407c2cedff20999df2af8eb42d56 -> 
  custom:framework-win-MediaFoundation: 216162199b28c13a410421893ffa2e32 -> 
  custom:container-demuxer-ogg: 62fdf1f143b41e24485cea50d1cbac27 -> 
  custom:video-decoder-webm-vp8: 9c59270c3fd7afecdb556c50c9e8de78 -> 
  custom:audio-decoder-ogg-vorbis: bf7c407c2cedff20999df2af8eb42d56 -> 
========================================================================
Received Import Request.
  Time since last request: 130.331244 seconds.
  path: Assets/Prefabs/ExplosionEffect 1.prefab
  artifactKey: Guid(8ecc8801000d75948ac0e1e741eaa317) Importer(815301076,1909f56bfc062723c751e8b465ee728b)
Start importing Assets/Prefabs/ExplosionEffect 1.prefab using Guid(8ecc8801000d75948ac0e1e741eaa317) Importer(815301076,1909f56bfc062723c751e8b465ee728b)  -> (artifact id: 'e864b6aaa9eccd27c6cec63eab94608a') in 0.058946 seconds 
========================================================================
Received Import Request.
  Time since last request: 69.521861 seconds.
  path: Assets/Prefabs/Flames.prefab
  artifactKey: Guid(91f62184346ddd44db271d2835d4d590) Importer(815301076,1909f56bfc062723c751e8b465ee728b)
Start importing Assets/Prefabs/Flames.prefab using Guid(91f62184346ddd44db271d2835d4d590) Importer(815301076,1909f56bfc062723c751e8b465ee728b)  -> (artifact id: '0bb7b90c9513920cac36a0f276ebc3b7') in 0.013644 seconds 
========================================================================
Received Import Request.
  Time since last request: 6.187161 seconds.
  path: Assets/Prefabs/ExplosionEffect 1.prefab
  artifactKey: Guid(8ecc8801000d75948ac0e1e741eaa317) Importer(815301076,1909f56bfc062723c751e8b465ee728b)
Start importing Assets/Prefabs/ExplosionEffect 1.prefab using Guid(8ecc8801000d75948ac0e1e741eaa317) Importer(815301076,1909f56bfc062723c751e8b465ee728b)  -> (artifact id: '4b46ff62b2df1bd2a8319852e8251ef5') in 0.007559 seconds 
========================================================================
Received Import Request.
  Time since last request: 0.003882 seconds.
  path: Assets/Prefabs/Flames.prefab
  artifactKey: Guid(91f62184346ddd44db271d2835d4d590) Importer(815301076,1909f56bfc062723c751e8b465ee728b)
Start importing Assets/Prefabs/Flames.prefab using Guid(91f62184346ddd44db271d2835d4d590) Importer(815301076,1909f56bfc062723c751e8b465ee728b)  -> (artifact id: '536ea6802f528e3f9bb49d74a36c1df9') in 0.052681 seconds 
========================================================================
Received Import Request.
  Time since last request: 59.360197 seconds.
  path: Assets/Prefabs/Flames.prefab
  artifactKey: Guid(91f62184346ddd44db271d2835d4d590) Importer(815301076,1909f56bfc062723c751e8b465ee728b)
Start importing Assets/Prefabs/Flames.prefab using Guid(91f62184346ddd44db271d2835d4d590) Importer(815301076,1909f56bfc062723c751e8b465ee728b)  -> (artifact id: '544d2523fac0f63011a9a014369b811c') in 0.005914 seconds 
========================================================================
Received Import Request.
  Time since last request: 0.000017 seconds.
  path: Assets/Prefabs/ExplosionEffect 1.prefab
  artifactKey: Guid(8ecc8801000d75948ac0e1e741eaa317) Importer(815301076,1909f56bfc062723c751e8b465ee728b)
Start importing Assets/Prefabs/ExplosionEffect 1.prefab using Guid(8ecc8801000d75948ac0e1e741eaa317) Importer(815301076,1909f56bfc062723c751e8b465ee728b)  -> (artifact id: '993b049f0c4e8ce2a5d28ecfd3668577') in 0.007011 seconds 
========================================================================
Received Import Request.
  Time since last request: 2.004975 seconds.
  path: Assets/Prefabs/Flames.prefab
  artifactKey: Guid(91f62184346ddd44db271d2835d4d590) Importer(815301076,1909f56bfc062723c751e8b465ee728b)
Start importing Assets/Prefabs/Flames.prefab using Guid(91f62184346ddd44db271d2835d4d590) Importer(815301076,1909f56bfc062723c751e8b465ee728b)  -> (artifact id: '03324a032cc205b84b960768f8f679a3') in 0.006838 seconds 
========================================================================
Received Import Request.
  Time since last request: 0.000021 seconds.
  path: Assets/Prefabs/ExplosionEffect 1.prefab
  artifactKey: Guid(8ecc8801000d75948ac0e1e741eaa317) Importer(815301076,1909f56bfc062723c751e8b465ee728b)
Start importing Assets/Prefabs/ExplosionEffect 1.prefab using Guid(8ecc8801000d75948ac0e1e741eaa317) Importer(815301076,1909f56bfc062723c751e8b465ee728b)  -> (artifact id: 'c71f98a65b71704138b91e2180ca3079') in 0.006761 seconds 
========================================================================
Received Import Request.
  Time since last request: 1.430782 seconds.
  path: Assets/Prefabs/ExplosionEffect 1.prefab
  artifactKey: Guid(8ecc8801000d75948ac0e1e741eaa317) Importer(815301076,1909f56bfc062723c751e8b465ee728b)
Start importing Assets/Prefabs/ExplosionEffect 1.prefab using Guid(8ecc8801000d75948ac0e1e741eaa317) Importer(815301076,1909f56bfc062723c751e8b465ee728b)  -> (artifact id: '3540347c84e0e7f262308d11279bdfa4') in 0.009038 seconds 
========================================================================
Received Import Request.
  Time since last request: 46.321087 seconds.
  path: Assets/Prefabs/anotherToTurret.prefab
  artifactKey: Guid(ecfaa4956993ce34b88946aaa947c1e6) Importer(815301076,1909f56bfc062723c751e8b465ee728b)
Start importing Assets/Prefabs/anotherToTurret.prefab using Guid(ecfaa4956993ce34b88946aaa947c1e6) Importer(815301076,1909f56bfc062723c751e8b465ee728b)  -> (artifact id: 'a26bfd83ce84986f2eebffe4e5a952bb') in 0.036001 seconds 
========================================================================
Received Import Request.
  Time since last request: 0.000019 seconds.
  path: Assets/Prefabs/Missile.prefab
  artifactKey: Guid(87d4b02be80682649aab968c139a02f2) Importer(815301076,1909f56bfc062723c751e8b465ee728b)
Start importing Assets/Prefabs/Missile.prefab using Guid(87d4b02be80682649aab968c139a02f2) Importer(815301076,1909f56bfc062723c751e8b465ee728b)  -> (artifact id: '835914a9f3fc0814f2b4abaf2f840b0a') in 0.018511 seconds 
========================================================================
Received Prepare
Registering precompiled user dll's ...
Registered in 0.002620 seconds.
Begin MonoManager ReloadAssembly
Symbol file LoadedFromMemory doesn't match image C:\Users\SGA\Desktop\Porfol\Porfol\Library\PackageCache\com.unity.visualscripting@1.8.0\Editor\VisualScripting.Core\Dependencies\YamlDotNet\Unity.VisualScripting.YamlDotNet.dll
Symbol file LoadedFromMemory doesn't match image C:\Users\SGA\Desktop\Porfol\Porfol\Library\PackageCache\com.unity.visualscripting@1.8.0\Editor\VisualScripting.Core\Dependencies\DotNetZip\Unity.VisualScripting.IonicZip.dll
Native extension for WindowsStandalone target not found
Native extension for Android target not found
Refreshing native plugins compatible for Editor in 0.42 ms, found 3 plugins.
Preloading 0 native plugins for Editor in 0.00 ms.
Mono: successfully reloaded assembly
- Completed reload, in  0.749 seconds
Domain Reload Profiling:
	ReloadAssembly (749ms)
		BeginReloadAssembly (104ms)
			ExecutionOrderSort (0ms)
			DisableScriptedObjects (3ms)
			BackupInstance (0ms)
			ReleaseScriptingObjects (0ms)
			CreateAndSetChildDomain (30ms)
		EndReloadAssembly (570ms)
			LoadAssemblies (62ms)
			RebuildTransferFunctionScriptingTraits (0ms)
			SetupTypeCache (207ms)
			ReleaseScriptCaches (1ms)
			RebuildScriptCaches (38ms)
			SetupLoadedEditorAssemblies (223ms)
				LogAssemblyErrors (0ms)
				InitializePlatformSupportModulesInManaged (15ms)
				SetLoadedEditorAssemblies (0ms)
				RefreshPlugins (0ms)
				BeforeProcessingInitializeOnLoad (46ms)
				ProcessInitializeOnLoadAttributes (139ms)
				ProcessInitializeOnLoadMethodAttributes (17ms)
				AfterProcessingInitializeOnLoad (5ms)
				EditorAssembliesLoaded (0ms)
			ExecutionOrderSort2 (0ms)
			AwakeInstancesAfterBackupRestoration (4ms)
Platform modules already initialized, skipping
Refreshing native plugins compatible for Editor in 0.97 ms, found 3 plugins.
Preloading 0 native plugins for Editor in 0.00 ms.
Unloading 3051 Unused Serialized files (Serialized files now loaded: 0)
Unloading 17 unused Assets / (79.8 KB). Loaded Objects now: 3574.
Memory consumption went from 116.9 MB to 116.8 MB.
Total: 1.976100 ms (FindLiveObjects: 0.156800 ms CreateObjectMapping: 0.066400 ms MarkObjects: 1.688900 ms  DeleteObjects: 0.063100 ms)

AssetImportParameters requested are different than current active one (requested -> active):
  custom:video-decoder-ogg-theora: a1e56fd34408186e4bbccfd4996cb3dc -> 
  custom:container-muxer-webm: aa71ff27fc2769a1b78a27578f13a17b -> 
  custom:container-demuxer-webm: 4f35f7cbe854078d1ac9338744f61a02 -> 
  custom:video-encoder-webm-vp8: eb34c28f22e8b96e1ab97ce403110664 -> 
  custom:audio-encoder-webm-vorbis: bf7c407c2cedff20999df2af8eb42d56 -> 
  custom:framework-win-MediaFoundation: 216162199b28c13a410421893ffa2e32 -> 
  custom:container-demuxer-ogg: 62fdf1f143b41e24485cea50d1cbac27 -> 
  custom:video-decoder-webm-vp8: 9c59270c3fd7afecdb556c50c9e8de78 -> 
  custom:audio-decoder-ogg-vorbis: bf7c407c2cedff20999df2af8eb42d56 -> 
========================================================================
Received Import Request.
  Time since last request: 23.463187 seconds.
  path: Assets/Prefabs/Missile.prefab
  artifactKey: Guid(87d4b02be80682649aab968c139a02f2) Importer(815301076,1909f56bfc062723c751e8b465ee728b)
Start importing Assets/Prefabs/Missile.prefab using Guid(87d4b02be80682649aab968c139a02f2) Importer(815301076,1909f56bfc062723c751e8b465ee728b)  -> (artifact id: 'edb42b2e21a58e4c03c9dc5bb0a597f9') in 0.056254 seconds 
========================================================================
Received Import Request.
  Time since last request: 1.538570 seconds.
  path: Assets/Prefabs/Missile.prefab
  artifactKey: Guid(87d4b02be80682649aab968c139a02f2) Importer(815301076,1909f56bfc062723c751e8b465ee728b)
Start importing Assets/Prefabs/Missile.prefab using Guid(87d4b02be80682649aab968c139a02f2) Importer(815301076,1909f56bfc062723c751e8b465ee728b)  -> (artifact id: 'ed30cdc821b9fc11153a2e9b44da9045') in 0.018572 seconds 
========================================================================
Received Prepare
Registering precompiled user dll's ...
Registered in 0.002626 seconds.
Begin MonoManager ReloadAssembly
Symbol file LoadedFromMemory doesn't match image C:\Users\SGA\Desktop\Porfol\Porfol\Library\PackageCache\com.unity.visualscripting@1.8.0\Editor\VisualScripting.Core\Dependencies\YamlDotNet\Unity.VisualScripting.YamlDotNet.dll
Symbol file LoadedFromMemory doesn't match image C:\Users\SGA\Desktop\Porfol\Porfol\Library\PackageCache\com.unity.visualscripting@1.8.0\Editor\VisualScripting.Core\Dependencies\DotNetZip\Unity.VisualScripting.IonicZip.dll
Native extension for WindowsStandalone target not found
Native extension for Android target not found
Refreshing native plugins compatible for Editor in 0.40 ms, found 3 plugins.
Preloading 0 native plugins for Editor in 0.00 ms.
Mono: successfully reloaded assembly
- Completed reload, in  0.668 seconds
Domain Reload Profiling:
	ReloadAssembly (668ms)
		BeginReloadAssembly (107ms)
			ExecutionOrderSort (0ms)
			DisableScriptedObjects (4ms)
			BackupInstance (0ms)
			ReleaseScriptingObjects (0ms)
			CreateAndSetChildDomain (29ms)
		EndReloadAssembly (498ms)
			LoadAssemblies (64ms)
			RebuildTransferFunctionScriptingTraits (0ms)
			SetupTypeCache (167ms)
			ReleaseScriptCaches (1ms)
			RebuildScriptCaches (27ms)
			SetupLoadedEditorAssemblies (216ms)
				LogAssemblyErrors (0ms)
				InitializePlatformSupportModulesInManaged (14ms)
				SetLoadedEditorAssemblies (1ms)
				RefreshPlugins (0ms)
				BeforeProcessingInitializeOnLoad (42ms)
				ProcessInitializeOnLoadAttributes (142ms)
				ProcessInitializeOnLoadMethodAttributes (14ms)
				AfterProcessingInitializeOnLoad (4ms)
				EditorAssembliesLoaded (0ms)
			ExecutionOrderSort2 (0ms)
			AwakeInstancesAfterBackupRestoration (4ms)
Platform modules already initialized, skipping
Refreshing native plugins compatible for Editor in 1.55 ms, found 3 plugins.
Preloading 0 native plugins for Editor in 0.00 ms.
Unloading 3051 Unused Serialized files (Serialized files now loaded: 0)
Unloading 17 unused Assets / (80.0 KB). Loaded Objects now: 3577.
Memory consumption went from 116.9 MB to 116.8 MB.
Total: 2.581600 ms (FindLiveObjects: 0.204800 ms CreateObjectMapping: 0.079700 ms MarkObjects: 2.225000 ms  DeleteObjects: 0.070900 ms)

AssetImportParameters requested are different than current active one (requested -> active):
  custom:video-decoder-ogg-theora: a1e56fd34408186e4bbccfd4996cb3dc -> 
  custom:container-muxer-webm: aa71ff27fc2769a1b78a27578f13a17b -> 
  custom:container-demuxer-webm: 4f35f7cbe854078d1ac9338744f61a02 -> 
  custom:video-encoder-webm-vp8: eb34c28f22e8b96e1ab97ce403110664 -> 
  custom:audio-encoder-webm-vorbis: bf7c407c2cedff20999df2af8eb42d56 -> 
  custom:framework-win-MediaFoundation: 216162199b28c13a410421893ffa2e32 -> 
  custom:container-demuxer-ogg: 62fdf1f143b41e24485cea50d1cbac27 -> 
  custom:video-decoder-webm-vp8: 9c59270c3fd7afecdb556c50c9e8de78 -> 
  custom:audio-decoder-ogg-vorbis: bf7c407c2cedff20999df2af8eb42d56 -> 
========================================================================
Received Import Request.
  Time since last request: 59.342798 seconds.
  path: Assets/Prefabs/Flames.prefab
  artifactKey: Guid(91f62184346ddd44db271d2835d4d590) Importer(815301076,1909f56bfc062723c751e8b465ee728b)
Start importing Assets/Prefabs/Flames.prefab using Guid(91f62184346ddd44db271d2835d4d590) Importer(815301076,1909f56bfc062723c751e8b465ee728b)  -> (artifact id: '6e670ac6a07e7f08cfe0741dbef50601') in 0.061153 seconds 
========================================================================
Received Import Request.
  Time since last request: 0.000021 seconds.
  path: Assets/Prefabs/Missile.prefab
  artifactKey: Guid(87d4b02be80682649aab968c139a02f2) Importer(815301076,1909f56bfc062723c751e8b465ee728b)
Start importing Assets/Prefabs/Missile.prefab using Guid(87d4b02be80682649aab968c139a02f2) Importer(815301076,1909f56bfc062723c751e8b465ee728b)  -> (artifact id: '0fc69a377f194d1b6f107af30ac9986a') in 0.014617 seconds 
========================================================================
Received Import Request.
  Time since last request: 41.721906 seconds.
  path: Assets/Prefabs/ExplosionEffect 1.prefab
  artifactKey: Guid(8ecc8801000d75948ac0e1e741eaa317) Importer(815301076,1909f56bfc062723c751e8b465ee728b)
Start importing Assets/Prefabs/ExplosionEffect 1.prefab using Guid(8ecc8801000d75948ac0e1e741eaa317) Importer(815301076,1909f56bfc062723c751e8b465ee728b)  -> (artifact id: '7460b31250ff23d7c3e55da94dfa397e') in 0.008791 seconds 
========================================================================
Received Import Request.
  Time since last request: 0.000016 seconds.
  path: Assets/Prefabs/MissileLauncher.prefab
  artifactKey: Guid(eb125b593c1e306408b91329b4cf83f8) Importer(815301076,1909f56bfc062723c751e8b465ee728b)
Start importing Assets/Prefabs/MissileLauncher.prefab using Guid(eb125b593c1e306408b91329b4cf83f8) Importer(815301076,1909f56bfc062723c751e8b465ee728b)  -> (artifact id: '37597e4dc0aa50fffb7131ac23511dfc') in 0.038129 seconds 
========================================================================
Received Import Request.
  Time since last request: 16.127607 seconds.
  path: Assets/Prefabs/ExplosionEffect 1.prefab
  artifactKey: Guid(8ecc8801000d75948ac0e1e741eaa317) Importer(815301076,1909f56bfc062723c751e8b465ee728b)
Start importing Assets/Prefabs/ExplosionEffect 1.prefab using Guid(8ecc8801000d75948ac0e1e741eaa317) Importer(815301076,1909f56bfc062723c751e8b465ee728b)  -> (artifact id: 'a09e243c2643b082bca81efafad1f6f2') in 0.008506 seconds 
========================================================================
Received Import Request.
  Time since last request: 0.000021 seconds.
  path: Assets/Prefabs/MissileLauncher.prefab
  artifactKey: Guid(eb125b593c1e306408b91329b4cf83f8) Importer(815301076,1909f56bfc062723c751e8b465ee728b)
Start importing Assets/Prefabs/MissileLauncher.prefab using Guid(eb125b593c1e306408b91329b4cf83f8) Importer(815301076,1909f56bfc062723c751e8b465ee728b)  -> (artifact id: '1b4b219db2e955ec63d8cc2d2a686766') in 0.008281 seconds 
========================================================================
Received Import Request.
  Time since last request: 3.011921 seconds.
  path: Assets/Prefabs/ExplosionEffect 1.prefab
  artifactKey: Guid(8ecc8801000d75948ac0e1e741eaa317) Importer(815301076,1909f56bfc062723c751e8b465ee728b)
Start importing Assets/Prefabs/ExplosionEffect 1.prefab using Guid(8ecc8801000d75948ac0e1e741eaa317) Importer(815301076,1909f56bfc062723c751e8b465ee728b)  -> (artifact id: '7f1efe5f146dbccf340acec730061864') in 0.008335 seconds 
========================================================================
Received Import Request.
  Time since last request: 0.000015 seconds.
  path: Assets/Prefabs/MissileLauncher.prefab
  artifactKey: Guid(eb125b593c1e306408b91329b4cf83f8) Importer(815301076,1909f56bfc062723c751e8b465ee728b)
Start importing Assets/Prefabs/MissileLauncher.prefab using Guid(eb125b593c1e306408b91329b4cf83f8) Importer(815301076,1909f56bfc062723c751e8b465ee728b)  -> (artifact id: '57d4c525eae20175c908dca07f1d272f') in 0.012400 seconds 
========================================================================
Received Import Request.
  Time since last request: 1.989458 seconds.
  path: Assets/Prefabs/ExplosionEffect 1.prefab
  artifactKey: Guid(8ecc8801000d75948ac0e1e741eaa317) Importer(815301076,1909f56bfc062723c751e8b465ee728b)
Start importing Assets/Prefabs/ExplosionEffect 1.prefab using Guid(8ecc8801000d75948ac0e1e741eaa317) Importer(815301076,1909f56bfc062723c751e8b465ee728b)  -> (artifact id: 'eece9b5abff304f4edecf5fd62e307e6') in 0.008944 seconds 
========================================================================
Received Import Request.
  Time since last request: 0.000018 seconds.
  path: Assets/Prefabs/MissileLauncher.prefab
  artifactKey: Guid(eb125b593c1e306408b91329b4cf83f8) Importer(815301076,1909f56bfc062723c751e8b465ee728b)
Start importing Assets/Prefabs/MissileLauncher.prefab using Guid(eb125b593c1e306408b91329b4cf83f8) Importer(815301076,1909f56bfc062723c751e8b465ee728b)  -> (artifact id: '9ae7126e8a9941222e1507ac495ef23f') in 0.008374 seconds 
========================================================================
Received Import Request.
  Time since last request: 15.123557 seconds.
  path: Assets/Prefabs/ExplosionEffect 1.prefab
  artifactKey: Guid(8ecc8801000d75948ac0e1e741eaa317) Importer(815301076,1909f56bfc062723c751e8b465ee728b)
Start importing Assets/Prefabs/ExplosionEffect 1.prefab using Guid(8ecc8801000d75948ac0e1e741eaa317) Importer(815301076,1909f56bfc062723c751e8b465ee728b)  -> (artifact id: '72dcde522fa0fd88f1746a68a2326a17') in 0.008407 seconds 
========================================================================
Received Import Request.
  Time since last request: 0.000017 seconds.
  path: Assets/Prefabs/MissileLauncher.prefab
  artifactKey: Guid(eb125b593c1e306408b91329b4cf83f8) Importer(815301076,1909f56bfc062723c751e8b465ee728b)
Start importing Assets/Prefabs/MissileLauncher.prefab using Guid(eb125b593c1e306408b91329b4cf83f8) Importer(815301076,1909f56bfc062723c751e8b465ee728b)  -> (artifact id: '03dc6ce4a85e20079efd789678b988a5') in 0.016297 seconds 
========================================================================
Received Import Request.
  Time since last request: 17.825434 seconds.
  path: Assets/Prefabs/ExplosionEffect 1.prefab
  artifactKey: Guid(8ecc8801000d75948ac0e1e741eaa317) Importer(815301076,1909f56bfc062723c751e8b465ee728b)
Start importing Assets/Prefabs/ExplosionEffect 1.prefab using Guid(8ecc8801000d75948ac0e1e741eaa317) Importer(815301076,1909f56bfc062723c751e8b465ee728b)  -> (artifact id: '82fd93ca964f49055f549edc0b7ddd7b') in 0.030680 seconds 
========================================================================
Received Import Request.
  Time since last request: 0.000024 seconds.
  path: Assets/Prefabs/MissileLauncher.prefab
  artifactKey: Guid(eb125b593c1e306408b91329b4cf83f8) Importer(815301076,1909f56bfc062723c751e8b465ee728b)
Start importing Assets/Prefabs/MissileLauncher.prefab using Guid(eb125b593c1e306408b91329b4cf83f8) Importer(815301076,1909f56bfc062723c751e8b465ee728b)  -> (artifact id: 'ca67dc8d83087ef65a6d88bb430d676a') in 0.034687 seconds 
========================================================================
Received Import Request.
  Time since last request: 34.673963 seconds.
  path: Assets/Prefabs/ExplosionEffect 1.prefab
  artifactKey: Guid(8ecc8801000d75948ac0e1e741eaa317) Importer(815301076,1909f56bfc062723c751e8b465ee728b)
Start importing Assets/Prefabs/ExplosionEffect 1.prefab using Guid(8ecc8801000d75948ac0e1e741eaa317) Importer(815301076,1909f56bfc062723c751e8b465ee728b)  -> (artifact id: '146ed0a8406231e5e824cff93109875a') in 0.038152 seconds 
========================================================================
Received Import Request.
  Time since last request: 53.054909 seconds.
  path: Assets/Prefabs/ExplosionEffect 1.prefab
  artifactKey: Guid(8ecc8801000d75948ac0e1e741eaa317) Importer(815301076,1909f56bfc062723c751e8b465ee728b)
Start importing Assets/Prefabs/ExplosionEffect 1.prefab using Guid(8ecc8801000d75948ac0e1e741eaa317) Importer(815301076,1909f56bfc062723c751e8b465ee728b)  -> (artifact id: 'f7ca377f3db998864c035792de894d08') in 0.010768 seconds 
========================================================================
Received Import Request.
  Time since last request: 0.000017 seconds.
  path: Assets/Prefabs/MissileLauncher.prefab
  artifactKey: Guid(eb125b593c1e306408b91329b4cf83f8) Importer(815301076,1909f56bfc062723c751e8b465ee728b)
Start importing Assets/Prefabs/MissileLauncher.prefab using Guid(eb125b593c1e306408b91329b4cf83f8) Importer(815301076,1909f56bfc062723c751e8b465ee728b)  -> (artifact id: 'e9c90e062d6ef119ac2822ca6dbaabc3') in 0.026774 seconds 
========================================================================
Received Import Request.
  Time since last request: 6.195276 seconds.
  path: Assets/Prefabs/ExplosionEffect 1.prefab
  artifactKey: Guid(8ecc8801000d75948ac0e1e741eaa317) Importer(815301076,1909f56bfc062723c751e8b465ee728b)
Start importing Assets/Prefabs/ExplosionEffect 1.prefab using Guid(8ecc8801000d75948ac0e1e741eaa317) Importer(815301076,1909f56bfc062723c751e8b465ee728b)  -> (artifact id: '98048ccbee663544f6318d44f8c90624') in 0.010462 seconds 
========================================================================
Received Import Request.
  Time since last request: 0.000048 seconds.
  path: Assets/Prefabs/MissileLauncher.prefab
  artifactKey: Guid(eb125b593c1e306408b91329b4cf83f8) Importer(815301076,1909f56bfc062723c751e8b465ee728b)
Start importing Assets/Prefabs/MissileLauncher.prefab using Guid(eb125b593c1e306408b91329b4cf83f8) Importer(815301076,1909f56bfc062723c751e8b465ee728b)  -> (artifact id: 'b6df7266e95f96b1b6433c16fbecd2c4') in 0.008940 seconds 
========================================================================
Received Import Request.
  Time since last request: 175.430465 seconds.
  path: Assets/Animation/ExplosionLight.anim
  artifactKey: Guid(7a5c6c9840c1aa748a54d4be5115955b) Importer(815301076,1909f56bfc062723c751e8b465ee728b)
Start importing Assets/Animation/ExplosionLight.anim using Guid(7a5c6c9840c1aa748a54d4be5115955b) Importer(815301076,1909f56bfc062723c751e8b465ee728b)  -> (artifact id: '03753e6227180bc2caac917dd0bb22d6') in 0.007470 seconds 
========================================================================
Received Import Request.
  Time since last request: 4.467566 seconds.
  path: Assets/Animation/Light.controller
  artifactKey: Guid(a6256529a9e50144d957fd3249e3628f) Importer(815301076,1909f56bfc062723c751e8b465ee728b)
Start importing Assets/Animation/Light.controller using Guid(a6256529a9e50144d957fd3249e3628f) Importer(815301076,1909f56bfc062723c751e8b465ee728b)  -> (artifact id: '28dfa491c8ea9ee16ad9d01a288c7174') in 0.008932 seconds 
========================================================================
Received Prepare
Registering precompiled user dll's ...
Registered in 0.002831 seconds.
Begin MonoManager ReloadAssembly
Symbol file LoadedFromMemory doesn't match image C:\Users\SGA\Desktop\Porfol\Porfol\Library\PackageCache\com.unity.visualscripting@1.8.0\Editor\VisualScripting.Core\Dependencies\YamlDotNet\Unity.VisualScripting.YamlDotNet.dll
Symbol file LoadedFromMemory doesn't match image C:\Users\SGA\Desktop\Porfol\Porfol\Library\PackageCache\com.unity.visualscripting@1.8.0\Editor\VisualScripting.Core\Dependencies\DotNetZip\Unity.VisualScripting.IonicZip.dll
Native extension for WindowsStandalone target not found
Native extension for Android target not found
Refreshing native plugins compatible for Editor in 0.40 ms, found 3 plugins.
Preloading 0 native plugins for Editor in 0.00 ms.
Mono: successfully reloaded assembly
- Completed reload, in  0.639 seconds
Domain Reload Profiling:
	ReloadAssembly (640ms)
		BeginReloadAssembly (100ms)
			ExecutionOrderSort (0ms)
			DisableScriptedObjects (3ms)
			BackupInstance (0ms)
			ReleaseScriptingObjects (0ms)
			CreateAndSetChildDomain (26ms)
		EndReloadAssembly (477ms)
			LoadAssemblies (59ms)
			RebuildTransferFunctionScriptingTraits (0ms)
			SetupTypeCache (167ms)
			ReleaseScriptCaches (1ms)
			RebuildScriptCaches (25ms)
			SetupLoadedEditorAssemblies (198ms)
				LogAssemblyErrors (0ms)
				InitializePlatformSupportModulesInManaged (12ms)
				SetLoadedEditorAssemblies (0ms)
				RefreshPlugins (0ms)
				BeforeProcessingInitializeOnLoad (39ms)
				ProcessInitializeOnLoadAttributes (126ms)
				ProcessInitializeOnLoadMethodAttributes (15ms)
				AfterProcessingInitializeOnLoad (4ms)
				EditorAssembliesLoaded (0ms)
			ExecutionOrderSort2 (0ms)
			AwakeInstancesAfterBackupRestoration (4ms)
Platform modules already initialized, skipping
Refreshing native plugins compatible for Editor in 1.07 ms, found 3 plugins.
Preloading 0 native plugins for Editor in 0.00 ms.
Unloading 3051 Unused Serialized files (Serialized files now loaded: 0)
Unloading 18 unused Assets / (80.4 KB). Loaded Objects now: 3580.
Memory consumption went from 117.0 MB to 116.9 MB.
Total: 2.240100 ms (FindLiveObjects: 0.168100 ms CreateObjectMapping: 0.074500 ms MarkObjects: 1.919000 ms  DeleteObjects: 0.077600 ms)

AssetImportParameters requested are different than current active one (requested -> active):
  custom:video-decoder-ogg-theora: a1e56fd34408186e4bbccfd4996cb3dc -> 
  custom:container-muxer-webm: aa71ff27fc2769a1b78a27578f13a17b -> 
  custom:container-demuxer-webm: 4f35f7cbe854078d1ac9338744f61a02 -> 
  custom:video-encoder-webm-vp8: eb34c28f22e8b96e1ab97ce403110664 -> 
  custom:audio-encoder-webm-vorbis: bf7c407c2cedff20999df2af8eb42d56 -> 
  custom:framework-win-MediaFoundation: 216162199b28c13a410421893ffa2e32 -> 
  custom:container-demuxer-ogg: 62fdf1f143b41e24485cea50d1cbac27 -> 
  custom:video-decoder-webm-vp8: 9c59270c3fd7afecdb556c50c9e8de78 -> 
  custom:audio-decoder-ogg-vorbis: bf7c407c2cedff20999df2af8eb42d56 -> 
========================================================================
Received Import Request.
  Time since last request: 394.884988 seconds.
  path: Assets/Animation/ExplosionLight.anim
  artifactKey: Guid(7a5c6c9840c1aa748a54d4be5115955b) Importer(815301076,1909f56bfc062723c751e8b465ee728b)
Start importing Assets/Animation/ExplosionLight.anim using Guid(7a5c6c9840c1aa748a54d4be5115955b) Importer(815301076,1909f56bfc062723c751e8b465ee728b)  -> (artifact id: 'fe84a6749e6b21a43e7bc5720b003ce3') in 0.010572 seconds 
========================================================================
Received Prepare
Registering precompiled user dll's ...
Registered in 0.002594 seconds.
Begin MonoManager ReloadAssembly
Symbol file LoadedFromMemory doesn't match image C:\Users\SGA\Desktop\Porfol\Porfol\Library\PackageCache\com.unity.visualscripting@1.8.0\Editor\VisualScripting.Core\Dependencies\YamlDotNet\Unity.VisualScripting.YamlDotNet.dll
Symbol file LoadedFromMemory doesn't match image C:\Users\SGA\Desktop\Porfol\Porfol\Library\PackageCache\com.unity.visualscripting@1.8.0\Editor\VisualScripting.Core\Dependencies\DotNetZip\Unity.VisualScripting.IonicZip.dll
Native extension for WindowsStandalone target not found
Native extension for Android target not found
Refreshing native plugins compatible for Editor in 0.40 ms, found 3 plugins.
Preloading 0 native plugins for Editor in 0.00 ms.
Mono: successfully reloaded assembly
- Completed reload, in  0.664 seconds
Domain Reload Profiling:
	ReloadAssembly (664ms)
		BeginReloadAssembly (98ms)
			ExecutionOrderSort (0ms)
			DisableScriptedObjects (3ms)
			BackupInstance (0ms)
			ReleaseScriptingObjects (0ms)
			CreateAndSetChildDomain (25ms)
		EndReloadAssembly (504ms)
			LoadAssemblies (59ms)
			RebuildTransferFunctionScriptingTraits (0ms)
			SetupTypeCache (175ms)
			ReleaseScriptCaches (1ms)
			RebuildScriptCaches (25ms)
			SetupLoadedEditorAssemblies (213ms)
				LogAssemblyErrors (0ms)
				InitializePlatformSupportModulesInManaged (13ms)
				SetLoadedEditorAssemblies (0ms)
				RefreshPlugins (0ms)
				BeforeProcessingInitializeOnLoad (42ms)
				ProcessInitializeOnLoadAttributes (139ms)
				ProcessInitializeOnLoadMethodAttributes (14ms)
				AfterProcessingInitializeOnLoad (4ms)
				EditorAssembliesLoaded (0ms)
			ExecutionOrderSort2 (0ms)
			AwakeInstancesAfterBackupRestoration (5ms)
Platform modules already initialized, skipping
Refreshing native plugins compatible for Editor in 1.22 ms, found 3 plugins.
Preloading 0 native plugins for Editor in 0.00 ms.
Unloading 3051 Unused Serialized files (Serialized files now loaded: 0)
Unloading 17 unused Assets / (79.8 KB). Loaded Objects now: 3583.
Memory consumption went from 117.0 MB to 116.9 MB.
Total: 2.023600 ms (FindLiveObjects: 0.166700 ms CreateObjectMapping: 0.091100 ms MarkObjects: 1.702500 ms  DeleteObjects: 0.062300 ms)

AssetImportParameters requested are different than current active one (requested -> active):
  custom:video-decoder-ogg-theora: a1e56fd34408186e4bbccfd4996cb3dc -> 
  custom:container-muxer-webm: aa71ff27fc2769a1b78a27578f13a17b -> 
  custom:container-demuxer-webm: 4f35f7cbe854078d1ac9338744f61a02 -> 
  custom:video-encoder-webm-vp8: eb34c28f22e8b96e1ab97ce403110664 -> 
  custom:audio-encoder-webm-vorbis: bf7c407c2cedff20999df2af8eb42d56 -> 
  custom:framework-win-MediaFoundation: 216162199b28c13a410421893ffa2e32 -> 
  custom:container-demuxer-ogg: 62fdf1f143b41e24485cea50d1cbac27 -> 
  custom:video-decoder-webm-vp8: 9c59270c3fd7afecdb556c50c9e8de78 -> 
  custom:audio-decoder-ogg-vorbis: bf7c407c2cedff20999df2af8eb42d56 -> 
========================================================================
Received Prepare
Registering precompiled user dll's ...
Registered in 0.002960 seconds.
Begin MonoManager ReloadAssembly
Symbol file LoadedFromMemory doesn't match image C:\Users\SGA\Desktop\Porfol\Porfol\Library\PackageCache\com.unity.visualscripting@1.8.0\Editor\VisualScripting.Core\Dependencies\YamlDotNet\Unity.VisualScripting.YamlDotNet.dll
Symbol file LoadedFromMemory doesn't match image C:\Users\SGA\Desktop\Porfol\Porfol\Library\PackageCache\com.unity.visualscripting@1.8.0\Editor\VisualScripting.Core\Dependencies\DotNetZip\Unity.VisualScripting.IonicZip.dll
Native extension for WindowsStandalone target not found
Native extension for Android target not found
Refreshing native plugins compatible for Editor in 0.36 ms, found 3 plugins.
Preloading 0 native plugins for Editor in 0.00 ms.
Mono: successfully reloaded assembly
- Completed reload, in  0.648 seconds
Domain Reload Profiling:
	ReloadAssembly (649ms)
		BeginReloadAssembly (96ms)
			ExecutionOrderSort (0ms)
			DisableScriptedObjects (3ms)
			BackupInstance (0ms)
			ReleaseScriptingObjects (0ms)
			CreateAndSetChildDomain (23ms)
		EndReloadAssembly (490ms)
			LoadAssemblies (58ms)
			RebuildTransferFunctionScriptingTraits (0ms)
			SetupTypeCache (171ms)
			ReleaseScriptCaches (1ms)
			RebuildScriptCaches (25ms)
			SetupLoadedEditorAssemblies (209ms)
				LogAssemblyErrors (0ms)
				InitializePlatformSupportModulesInManaged (12ms)
				SetLoadedEditorAssemblies (0ms)
				RefreshPlugins (0ms)
				BeforeProcessingInitializeOnLoad (40ms)
				ProcessInitializeOnLoadAttributes (137ms)
				ProcessInitializeOnLoadMethodAttributes (15ms)
				AfterProcessingInitializeOnLoad (5ms)
				EditorAssembliesLoaded (0ms)
			ExecutionOrderSort2 (0ms)
			AwakeInstancesAfterBackupRestoration (5ms)
Platform modules already initialized, skipping
Refreshing native plugins compatible for Editor in 1.12 ms, found 3 plugins.
Preloading 0 native plugins for Editor in 0.00 ms.
Unloading 3051 Unused Serialized files (Serialized files now loaded: 0)
Unloading 17 unused Assets / (79.8 KB). Loaded Objects now: 3586.
Memory consumption went from 117.0 MB to 116.9 MB.
Total: 2.148400 ms (FindLiveObjects: 0.166400 ms CreateObjectMapping: 0.069700 ms MarkObjects: 1.821100 ms  DeleteObjects: 0.090200 ms)

AssetImportParameters requested are different than current active one (requested -> active):
  custom:video-decoder-ogg-theora: a1e56fd34408186e4bbccfd4996cb3dc -> 
  custom:container-muxer-webm: aa71ff27fc2769a1b78a27578f13a17b -> 
  custom:container-demuxer-webm: 4f35f7cbe854078d1ac9338744f61a02 -> 
  custom:video-encoder-webm-vp8: eb34c28f22e8b96e1ab97ce403110664 -> 
  custom:audio-encoder-webm-vorbis: bf7c407c2cedff20999df2af8eb42d56 -> 
  custom:framework-win-MediaFoundation: 216162199b28c13a410421893ffa2e32 -> 
  custom:container-demuxer-ogg: 62fdf1f143b41e24485cea50d1cbac27 -> 
  custom:video-decoder-webm-vp8: 9c59270c3fd7afecdb556c50c9e8de78 -> 
  custom:audio-decoder-ogg-vorbis: bf7c407c2cedff20999df2af8eb42d56 -> 
========================================================================
Received Import Request.
  Time since last request: 93.386737 seconds.
  path: Assets/Animation/ExplosionLight.anim
  artifactKey: Guid(7a5c6c9840c1aa748a54d4be5115955b) Importer(815301076,1909f56bfc062723c751e8b465ee728b)
Start importing Assets/Animation/ExplosionLight.anim using Guid(7a5c6c9840c1aa748a54d4be5115955b) Importer(815301076,1909f56bfc062723c751e8b465ee728b)  -> (artifact id: '09d21607b37cd990e96a932f896f08e0') in 0.010885 seconds 
========================================================================
Received Import Request.
  Time since last request: 10.278405 seconds.
  path: Assets/Animation/Light.controller
  artifactKey: Guid(a6256529a9e50144d957fd3249e3628f) Importer(815301076,1909f56bfc062723c751e8b465ee728b)
Start importing Assets/Animation/Light.controller using Guid(a6256529a9e50144d957fd3249e3628f) Importer(815301076,1909f56bfc062723c751e8b465ee728b)  -> (artifact id: '912d431aac3d18d65f1b7947461bc8b3') in 0.003074 seconds 
========================================================================
Received Prepare
Registering precompiled user dll's ...
Registered in 0.002380 seconds.
Begin MonoManager ReloadAssembly
Symbol file LoadedFromMemory doesn't match image C:\Users\SGA\Desktop\Porfol\Porfol\Library\PackageCache\com.unity.visualscripting@1.8.0\Editor\VisualScripting.Core\Dependencies\YamlDotNet\Unity.VisualScripting.YamlDotNet.dll
Symbol file LoadedFromMemory doesn't match image C:\Users\SGA\Desktop\Porfol\Porfol\Library\PackageCache\com.unity.visualscripting@1.8.0\Editor\VisualScripting.Core\Dependencies\DotNetZip\Unity.VisualScripting.IonicZip.dll
Native extension for WindowsStandalone target not found
Native extension for Android target not found
Refreshing native plugins compatible for Editor in 0.40 ms, found 3 plugins.
Preloading 0 native plugins for Editor in 0.00 ms.
Mono: successfully reloaded assembly
- Completed reload, in  0.663 seconds
Domain Reload Profiling:
	ReloadAssembly (663ms)
		BeginReloadAssembly (104ms)
			ExecutionOrderSort (0ms)
			DisableScriptedObjects (4ms)
			BackupInstance (0ms)
			ReleaseScriptingObjects (0ms)
			CreateAndSetChildDomain (25ms)
		EndReloadAssembly (489ms)
			LoadAssemblies (57ms)
			RebuildTransferFunctionScriptingTraits (0ms)
			SetupTypeCache (165ms)
			ReleaseScriptCaches (1ms)
			RebuildScriptCaches (25ms)
			SetupLoadedEditorAssemblies (215ms)
				LogAssemblyErrors (0ms)
				InitializePlatformSupportModulesInManaged (13ms)
				SetLoadedEditorAssemblies (0ms)
				RefreshPlugins (0ms)
				BeforeProcessingInitializeOnLoad (42ms)
				ProcessInitializeOnLoadAttributes (140ms)
				ProcessInitializeOnLoadMethodAttributes (15ms)
				AfterProcessingInitializeOnLoad (5ms)
				EditorAssembliesLoaded (0ms)
			ExecutionOrderSort2 (0ms)
			AwakeInstancesAfterBackupRestoration (5ms)
Platform modules already initialized, skipping
Refreshing native plugins compatible for Editor in 1.06 ms, found 3 plugins.
Preloading 0 native plugins for Editor in 0.00 ms.
Unloading 3051 Unused Serialized files (Serialized files now loaded: 0)
Unloading 17 unused Assets / (79.8 KB). Loaded Objects now: 3589.
Memory consumption went from 117.0 MB to 116.9 MB.
Total: 2.331300 ms (FindLiveObjects: 0.242400 ms CreateObjectMapping: 0.088700 ms MarkObjects: 1.915900 ms  DeleteObjects: 0.083200 ms)

AssetImportParameters requested are different than current active one (requested -> active):
  custom:video-decoder-ogg-theora: a1e56fd34408186e4bbccfd4996cb3dc -> 
  custom:container-muxer-webm: aa71ff27fc2769a1b78a27578f13a17b -> 
  custom:container-demuxer-webm: 4f35f7cbe854078d1ac9338744f61a02 -> 
  custom:video-encoder-webm-vp8: eb34c28f22e8b96e1ab97ce403110664 -> 
  custom:audio-encoder-webm-vorbis: bf7c407c2cedff20999df2af8eb42d56 -> 
  custom:framework-win-MediaFoundation: 216162199b28c13a410421893ffa2e32 -> 
  custom:container-demuxer-ogg: 62fdf1f143b41e24485cea50d1cbac27 -> 
  custom:video-decoder-webm-vp8: 9c59270c3fd7afecdb556c50c9e8de78 -> 
  custom:audio-decoder-ogg-vorbis: bf7c407c2cedff20999df2af8eb42d56 -> 
========================================================================
Received Import Request.
  Time since last request: 1326.748343 seconds.
  path: Assets/Scripts/ShopController.cs
  artifactKey: Guid(da287eb2cfa725a40a30f00396fc6b25) Importer(815301076,1909f56bfc062723c751e8b465ee728b)
Start importing Assets/Scripts/ShopController.cs using Guid(da287eb2cfa725a40a30f00396fc6b25) Importer(815301076,1909f56bfc062723c751e8b465ee728b)  -> (artifact id: 'b4f36689022be12c21f128dc72ac6743') in 0.013896 seconds 
========================================================================
Received Import Request.
  Time since last request: 35.185210 seconds.
  path: Assets/Scripts/ShopController.cs
  artifactKey: Guid(da287eb2cfa725a40a30f00396fc6b25) Importer(815301076,1909f56bfc062723c751e8b465ee728b)
Start importing Assets/Scripts/ShopController.cs using Guid(da287eb2cfa725a40a30f00396fc6b25) Importer(815301076,1909f56bfc062723c751e8b465ee728b)  -> (artifact id: 'ddaec4ccedd4d16f395c0caa66ab0729') in 0.001957 seconds 
========================================================================
Received Prepare
Registering precompiled user dll's ...
Registered in 0.002477 seconds.
Begin MonoManager ReloadAssembly
Symbol file LoadedFromMemory doesn't match image C:\Users\SGA\Desktop\Porfol\Porfol\Library\PackageCache\com.unity.visualscripting@1.8.0\Editor\VisualScripting.Core\Dependencies\YamlDotNet\Unity.VisualScripting.YamlDotNet.dll
Symbol file LoadedFromMemory doesn't match image C:\Users\SGA\Desktop\Porfol\Porfol\Library\PackageCache\com.unity.visualscripting@1.8.0\Editor\VisualScripting.Core\Dependencies\DotNetZip\Unity.VisualScripting.IonicZip.dll
Native extension for WindowsStandalone target not found
Native extension for Android target not found
Refreshing native plugins compatible for Editor in 0.40 ms, found 3 plugins.
Preloading 0 native plugins for Editor in 0.00 ms.
Mono: successfully reloaded assembly
- Completed reload, in  0.655 seconds
Domain Reload Profiling:
	ReloadAssembly (656ms)
		BeginReloadAssembly (98ms)
			ExecutionOrderSort (0ms)
			DisableScriptedObjects (3ms)
			BackupInstance (0ms)
			ReleaseScriptingObjects (0ms)
			CreateAndSetChildDomain (24ms)
		EndReloadAssembly (494ms)
			LoadAssemblies (60ms)
			RebuildTransferFunctionScriptingTraits (0ms)
			SetupTypeCache (172ms)
			ReleaseScriptCaches (1ms)
			RebuildScriptCaches (28ms)
			SetupLoadedEditorAssemblies (207ms)
				LogAssemblyErrors (0ms)
				InitializePlatformSupportModulesInManaged (13ms)
				SetLoadedEditorAssemblies (0ms)
				RefreshPlugins (0ms)
				BeforeProcessingInitializeOnLoad (42ms)
				ProcessInitializeOnLoadAttributes (135ms)
				ProcessInitializeOnLoadMethodAttributes (12ms)
				AfterProcessingInitializeOnLoad (4ms)
				EditorAssembliesLoaded (0ms)
			ExecutionOrderSort2 (0ms)
			AwakeInstancesAfterBackupRestoration (4ms)
Platform modules already initialized, skipping
